Determining if the pthread_create exist failed with the following output:
Change Dir: /home/cuihang/slam/ch3/build/CMakeFiles/CMakeTmp

Run Build Command:"/usr/bin/make" "cmTC_1e7be/fast"
/usr/bin/make -f CMakeFiles/cmTC_1e7be.dir/build.make CMakeFiles/cmTC_1e7be.dir/build
make[1]: Entering directory '/home/cuihang/slam/ch3/build/CMakeFiles/CMakeTmp'
Building C object CMakeFiles/cmTC_1e7be.dir/CheckSymbolExists.c.o
/usr/bin/cc    -o CMakeFiles/cmTC_1e7be.dir/CheckSymbolExists.c.o   -c /home/cuihang/slam/ch3/build/CMakeFiles/CMakeTmp/CheckSymbolExists.c
Linking C executable cmTC_1e7be
/usr/bin/cmake -E cmake_link_script CMakeFiles/cmTC_1e7be.dir/link.txt --verbose=1
/usr/bin/cc      -rdynamic CMakeFiles/cmTC_1e7be.dir/CheckSymbolExists.c.o  -o cmTC_1e7be 
CMakeFiles/cmTC_1e7be.dir/CheckSymbolExists.c.o: In function `main':
CheckSymbolExists.c:(.text+0x1b): undefined reference to `pthread_create'
collect2: error: ld returned 1 exit status
CMakeFiles/cmTC_1e7be.dir/build.make:97: recipe for target 'cmTC_1e7be' failed
make[1]: *** [cmTC_1e7be] Error 1
make[1]: Leaving directory '/home/cuihang/slam/ch3/build/CMakeFiles/CMakeTmp'
Makefile:126: recipe for target 'cmTC_1e7be/fast' failed
make: *** [cmTC_1e7be/fast] Error 2

File /home/cuihang/slam/ch3/build/CMakeFiles/CMakeTmp/CheckSymbolExists.c:
/* */
#include <pthread.h>

int main(int argc, char** argv)
{
  (void)argv;
#ifndef pthread_create
  return ((int*)(&pthread_create))[argc];
#else
  (void)argc;
  return 0;
#endif
}

Determining if the function pthread_create exists in the pthreads failed with the following output:
Change Dir: /home/cuihang/slam/ch3/build/CMakeFiles/CMakeTmp

Run Build Command:"/usr/bin/make" "cmTC_b69ea/fast"
/usr/bin/make -f CMakeFiles/cmTC_b69ea.dir/build.make CMakeFiles/cmTC_b69ea.dir/build
make[1]: Entering directory '/home/cuihang/slam/ch3/build/CMakeFiles/CMakeTmp'
Building C object CMakeFiles/cmTC_b69ea.dir/CheckFunctionExists.c.o
/usr/bin/cc   -DCHECK_FUNCTION_EXISTS=pthread_create   -o CMakeFiles/cmTC_b69ea.dir/CheckFunctionExists.c.o   -c /usr/share/cmake-3.10/Modules/CheckFunctionExists.c
Linking C executable cmTC_b69ea
/usr/bin/cmake -E cmake_link_script CMakeFiles/cmTC_b69ea.dir/link.txt --verbose=1
/usr/bin/cc  -DCHECK_FUNCTION_EXISTS=pthread_create    -rdynamic CMakeFiles/cmTC_b69ea.dir/CheckFunctionExists.c.o  -o cmTC_b69ea -lpthreads 
/usr/bin/ld: cannot find -lpthreads
collect2: error: ld returned 1 exit status
CMakeFiles/cmTC_b69ea.dir/build.make:97: recipe for target 'cmTC_b69ea' failed
make[1]: *** [cmTC_b69ea] Error 1
make[1]: Leaving directory '/home/cuihang/slam/ch3/build/CMakeFiles/CMakeTmp'
Makefile:126: recipe for target 'cmTC_b69ea/fast' failed
make: *** [cmTC_b69ea/fast] Error 2


